0:0:0:0:0:0:0:1 - - [28/May/2020:09:40:43 +0530] "GET /users/admin HTTP/1.1" 200 29
0:0:0:0:0:0:0:1 - - [28/May/2020:09:41:30 +0530] "GET /users/admin HTTP/1.1" 200 29
0:0:0:0:0:0:0:1 - - [28/May/2020:09:43:28 +0530] "GET /users/admin HTTP/1.1" 401 -
0:0:0:0:0:0:0:1 - - [28/May/2020:09:44:17 +0530] "GET /users/admin HTTP/1.1" 200 29
0:0:0:0:0:0:0:1 - - [28/May/2020:09:44:28 +0530] "GET /users/admin HTTP/1.1" 401 -
0:0:0:0:0:0:0:1 - - [28/May/2020:09:47:42 +0530] "GET /users/admin HTTP/1.1" 401 -
0:0:0:0:0:0:0:1 - - [28/May/2020:09:48:25 +0530] "GET /users/admin HTTP/1.1" 200 29
0:0:0:0:0:0:0:1 - - [28/May/2020:09:48:53 +0530] "GET /users/admin HTTP/1.1" 401 301
0:0:0:0:0:0:0:1 - - [28/May/2020:09:49:00 +0530] "GET /users/admin HTTP/1.1" 401 -
0:0:0:0:0:0:0:1 - - [28/May/2020:09:49:13 +0530] "GET /users/admin HTTP/1.1" 200 29
0:0:0:0:0:0:0:1 - - [28/May/2020:09:49:13 +0530] "GET /favicon.ico HTTP/1.1" 404 306
0:0:0:0:0:0:0:1 - - [28/May/2020:09:49:26 +0530] "GET /users/admin HTTP/1.1" 200 29
0:0:0:0:0:0:0:1 - - [28/May/2020:09:49:28 +0530] "GET /users/admin HTTP/1.1" 200 29
0:0:0:0:0:0:0:1 - - [28/May/2020:09:49:40 +0530] "GET / HTTP/1.1" 404 306
0:0:0:0:0:0:0:1 - - [28/May/2020:09:49:49 +0530] "GET /users/admin HTTP/1.1" 200 29
0:0:0:0:0:0:0:1 - - [28/May/2020:09:50:08 +0530] "GET /users/admin HTTP/1.1" 200 29
0:0:0:0:0:0:0:1 - - [28/May/2020:09:50:33 +0530] "GET /users/admin HTTP/1.1" 401 301
0:0:0:0:0:0:0:1 - - [28/May/2020:09:50:41 +0530] "GET /users/admin HTTP/1.1" 401 -
0:0:0:0:0:0:0:1 - - [28/May/2020:09:50:50 +0530] "GET /users/admin HTTP/1.1" 401 301
0:0:0:0:0:0:0:1 - - [28/May/2020:09:50:50 +0530] "GET /users/admin HTTP/1.1" 401 -
0:0:0:0:0:0:0:1 - - [28/May/2020:09:50:57 +0530] "GET /users/admin HTTP/1.1" 200 29
0:0:0:0:0:0:0:1 - - [28/May/2020:09:53:56 +0530] "GET /users/view HTTP/1.1" 500 9742
0:0:0:0:0:0:0:1 - - [28/May/2020:10:00:31 +0530] "GET /users/view HTTP/1.1" 404 143
0:0:0:0:0:0:0:1 - - [28/May/2020:10:02:57 +0530] "GET /users/view HTTP/1.1" 404 143
0:0:0:0:0:0:0:1 - - [28/May/2020:10:05:18 +0530] "GET /users/admin HTTP/1.1" 200 29
0:0:0:0:0:0:0:1 - - [28/May/2020:10:05:24 +0530] "GET /users/view HTTP/1.1" 404 143
0:0:0:0:0:0:0:1 - - [28/May/2020:11:50:03 +0530] "GET /users/view HTTP/1.1" 404 143
0:0:0:0:0:0:0:1 - - [28/May/2020:11:54:36 +0530] "GET /users/view HTTP/1.1" 404 143
0:0:0:0:0:0:0:1 - - [28/May/2020:11:57:56 +0530] "GET /users/view HTTP/1.1" 404 143
0:0:0:0:0:0:0:1 - - [28/May/2020:12:00:14 +0530] "GET /users/view HTTP/1.1" 404 143
0:0:0:0:0:0:0:1 - - [28/May/2020:12:01:52 +0530] "GET /users/view HTTP/1.1" 404 143
0:0:0:0:0:0:0:1 - - [28/May/2020:12:09:57 +0530] "GET /users/view HTTP/1.1" 200 108
